{
  "stats": {
    "suites": 1,
    "tests": 1,
    "passes": 1,
    "pending": 0,
    "failures": 0,
    "start": "2023-08-30T11:13:24.821Z",
    "end": "2023-08-30T11:13:46.307Z",
    "duration": 21486,
    "testsRegistered": 1,
    "passPercent": 100,
    "pendingPercent": 0,
    "other": 0,
    "hasOther": false,
    "skipped": 0,
    "hasSkipped": false
  },
  "results": [
    {
      "uuid": "92e5567a-19c0-4f3a-96f1-172e7752efc6",
      "title": "",
      "fullFile": "cypress\\e2e\\locateIngridBuilding.cy.js",
      "file": "cypress\\e2e\\locateIngridBuilding.cy.js",
      "beforeHooks": [],
      "afterHooks": [],
      "tests": [],
      "suites": [
        {
          "uuid": "4206191c-9a67-4c83-8bbb-f575d1c78cb1",
          "title": "template spec",
          "fullFile": "",
          "file": "",
          "beforeHooks": [],
          "afterHooks": [],
          "tests": [
            {
              "title": "passes",
              "fullTitle": "template spec passes",
              "timedOut": null,
              "duration": 18786,
              "state": "passed",
              "speed": "slow",
              "pass": true,
              "fail": false,
              "pending": false,
              "context": null,
              "code": "cy.log('Open Google maps.');\ncy.visit('https://www.google.com/maps');\ncy.log('Google maps app is opened.');\ncy.screenshot();\ncy.get('#searchboxinput').type('Schneider Electric LLC, Put partizanskog novosadskog odreda, Novi Sad');\ncy.get('#searchbox-searchbutton').click();\ncy.wait(2000);\ncy.screenshot();\ncy.log('First zoom in level.');\ncy.get('#widget-zoom-in').click();\ncy.wait(2000);\ncy.screenshot();\ncy.log('Second zoom level.');\ncy.get('#widget-zoom-in').click();\ncy.wait(2000);\ncy.screenshot();",
              "err": {},
              "uuid": "b1313683-9a8d-4103-bb27-44a722e9cd71",
              "parentUUID": "4206191c-9a67-4c83-8bbb-f575d1c78cb1",
              "isHook": false,
              "skipped": false
            }
          ],
          "suites": [],
          "passes": [
            "b1313683-9a8d-4103-bb27-44a722e9cd71"
          ],
          "failures": [],
          "pending": [],
          "skipped": [],
          "duration": 18786,
          "root": false,
          "rootEmpty": false,
          "_timeout": 2000
        }
      ],
      "passes": [],
      "failures": [],
      "pending": [],
      "skipped": [],
      "duration": 0,
      "root": true,
      "rootEmpty": true,
      "_timeout": 2000
    }
  ],
  "meta": {
    "mocha": {
      "version": "7.0.1"
    },
    "mochawesome": {
      "options": {
        "quiet": false,
        "reportFilename": "mochawesome",
        "saveHtml": true,
        "saveJson": true,
        "consoleReporter": "spec",
        "useInlineDiffs": false,
        "code": true
      },
      "version": "7.1.3"
    },
    "marge": {
      "options": null,
      "version": "6.2.0"
    }
  }
}