{
  "stats": {
    "suites": 1,
    "tests": 1,
    "passes": 1,
    "pending": 0,
    "failures": 0,
    "start": "2023-09-05T11:13:03.469Z",
    "end": "2023-09-05T11:13:23.171Z",
    "duration": 19702,
    "testsRegistered": 1,
    "passPercent": 100,
    "pendingPercent": 0,
    "other": 0,
    "hasOther": false,
    "skipped": 0,
    "hasSkipped": false
  },
  "results": [
    {
      "uuid": "e47ee98a-d5e2-410c-8b35-86b81cb47097",
      "title": "",
      "fullFile": "cypress\\e2e\\locateIngridBuilding.cy.js",
      "file": "cypress\\e2e\\locateIngridBuilding.cy.js",
      "beforeHooks": [],
      "afterHooks": [],
      "tests": [],
      "suites": [
        {
          "uuid": "fc87ac67-6742-4ab4-8296-5ae9f8e22f63",
          "title": "template spec",
          "fullFile": "",
          "file": "",
          "beforeHooks": [],
          "afterHooks": [],
          "tests": [
            {
              "title": "passes",
              "fullTitle": "template spec passes",
              "timedOut": null,
              "duration": 15265,
              "state": "passed",
              "speed": "slow",
              "pass": true,
              "fail": false,
              "pending": false,
              "context": null,
              "code": "cy.log('Open Google maps.');\ncy.visit('https://www.google.com/maps');\ncy.log('Google maps app is opened.');\ncy.screenshot();\ncy.get('#searchboxinput').type('Schneider Electric LLC, Put partizanskog novosadskog odreda, Novi Sad');\ncy.get('#searchbox-searchbutton').click();\ncy.wait(2000);\ncy.screenshot();\ncy.log('First zoom in level.');\ncy.get('#widget-zoom-in').click();\ncy.wait(2000);\ncy.screenshot();\ncy.log('Second zoom level.');\ncy.get('#widget-zoom-in').click();\ncy.wait(2000);\ncy.screenshot();",
              "err": {},
              "uuid": "d2967c0f-f2a5-4205-b7e5-0e225a90eb59",
              "parentUUID": "fc87ac67-6742-4ab4-8296-5ae9f8e22f63",
              "isHook": false,
              "skipped": false
            }
          ],
          "suites": [],
          "passes": [
            "d2967c0f-f2a5-4205-b7e5-0e225a90eb59"
          ],
          "failures": [],
          "pending": [],
          "skipped": [],
          "duration": 15265,
          "root": false,
          "rootEmpty": false,
          "_timeout": 2000
        }
      ],
      "passes": [],
      "failures": [],
      "pending": [],
      "skipped": [],
      "duration": 0,
      "root": true,
      "rootEmpty": true,
      "_timeout": 2000
    }
  ],
  "meta": {
    "mocha": {
      "version": "7.0.1"
    },
    "mochawesome": {
      "options": {
        "quiet": false,
        "reportFilename": "mochawesome",
        "saveHtml": true,
        "saveJson": true,
        "consoleReporter": "spec",
        "useInlineDiffs": false,
        "code": true
      },
      "version": "7.1.3"
    },
    "marge": {
      "options": null,
      "version": "6.2.0"
    }
  }
}